2023-05-15 21:29:26,223 INFO Let the games begin RUNDIR: runs/RED_Res50/2023051500
2023-05-15 21:29:26,236 INFO use 1 gpus
2023-05-15 21:29:26,236 INFO configure: {'model': {'arch': 'rednet', 'backbone': 'resnet50'}, 'data': {'dataset': 'lpcvc', 'train_split': 'train', 'val_split': 'val', 'img_rows': 512, 'img_cols': 512, 'path': '/home/sangho/for_LPCV/2023LPCVC_SampleSolution/dataset/LPCVC/'}, 'training': {'n_workers': 2, 'train_iters': 2000, 'batch_size': 2, 'val_interval': 500, 'print_interval': 25, 'loss': {'name': 'OhemCELoss2D', 'thresh': 0.7, 'ignore_index': 250}, 'optimizer': {'name': 'adaoptimizer', 'momentum': 0.9, 'lr_multi': 1, 'bn_wd_disable': False, 'wd': 0.0005, 'lr0': 0.01, 'max_iter': 2000, 'power': 0.9, 'warmup_steps': 1000, 'warmup_start_lr': 1e-05}, 'train_augmentations': {'rotate': 5, 'brightness': 0.5, 'contrast': 0.5, 'saturation': 0.5, 'scale': [512, 512], 'rscale': [0.5, 2], 'hflip': 0.5, 'rcrop': [384, 384], 'norm': 255.0, 'cnorm': [[0.485, 0.456, 0.406], [0.229, 0.224, 0.225]]}, 'resume': None, 'visdom': False}, 'validating': {'densecrf': False, 'resume': None, 'n_workers': 1, 'batch_size': 1, 'outpath': None, 'val_augmentations': {'scale': [512, 512], 'norm': 255.0, 'cnorm': [[0.485, 0.456, 0.406], [0.229, 0.224, 0.225]]}}, 'local_rank': 0}
2023-05-15 21:29:26,237 INFO Using training seting {'n_workers': 2, 'train_iters': 2000, 'batch_size': 2, 'val_interval': 500, 'print_interval': 25, 'loss': {'name': 'OhemCELoss2D', 'thresh': 0.7, 'ignore_index': 250}, 'optimizer': {'name': 'adaoptimizer', 'momentum': 0.9, 'lr_multi': 1, 'bn_wd_disable': False, 'wd': 0.0005, 'lr0': 0.01, 'max_iter': 2000, 'power': 0.9, 'warmup_steps': 1000, 'warmup_start_lr': 1e-05}, 'train_augmentations': {'rotate': 5, 'brightness': 0.5, 'contrast': 0.5, 'saturation': 0.5, 'scale': [512, 512], 'rscale': [0.5, 2], 'hflip': 0.5, 'rcrop': [384, 384], 'norm': 255.0, 'cnorm': [[0.485, 0.456, 0.406], [0.229, 0.224, 0.225]]}, 'resume': None, 'visdom': False}
2023-05-15 21:29:26,237 INFO Using OhemCELoss2D with {'thresh': 0.7, 'ignore_index': 250, 'n_min': 18432} params
2023-05-15 21:29:26,238 INFO Using loss OhemCELoss2D()
2023-05-15 21:29:27,238 INFO Model initialized on GPUs.
2023-05-15 21:29:29,279 INFO Iter [25/2000]  Loss: 5.0368  Time/Image: 0.0391
2023-05-15 21:29:30,417 INFO Iter [50/2000]  Loss: 4.9567  Time/Image: 0.0217
2023-05-15 21:29:31,555 INFO Iter [75/2000]  Loss: 5.6295  Time/Image: 0.0217
2023-05-15 21:29:32,694 INFO Iter [100/2000]  Loss: 5.0436  Time/Image: 0.0217
2023-05-15 21:29:33,834 INFO Iter [125/2000]  Loss: 5.3984  Time/Image: 0.0217
2023-05-15 21:29:34,976 INFO Iter [150/2000]  Loss: 5.0545  Time/Image: 0.0218
2023-05-15 21:29:36,117 INFO Iter [175/2000]  Loss: 5.3236  Time/Image: 0.0218
2023-05-15 21:29:37,258 INFO Iter [200/2000]  Loss: 5.0209  Time/Image: 0.0218
2023-05-15 21:29:38,401 INFO Iter [225/2000]  Loss: 5.2010  Time/Image: 0.0218
2023-05-15 21:29:39,543 INFO Iter [250/2000]  Loss: 5.0757  Time/Image: 0.0218
2023-05-15 21:29:40,687 INFO Iter [275/2000]  Loss: 4.9275  Time/Image: 0.0218
2023-05-15 21:29:41,830 INFO Iter [300/2000]  Loss: 5.3698  Time/Image: 0.0218
2023-05-15 21:29:42,974 INFO Iter [325/2000]  Loss: 5.2421  Time/Image: 0.0218
2023-05-15 21:29:44,117 INFO Iter [350/2000]  Loss: 5.0896  Time/Image: 0.0218
2023-05-15 21:29:45,262 INFO Iter [375/2000]  Loss: 5.2894  Time/Image: 0.0218
2023-05-15 21:29:46,406 INFO Iter [400/2000]  Loss: 5.1243  Time/Image: 0.0218
2023-05-15 21:29:47,550 INFO Iter [425/2000]  Loss: 5.2353  Time/Image: 0.0218
2023-05-15 21:29:48,694 INFO Iter [450/2000]  Loss: 5.4589  Time/Image: 0.0218
2023-05-15 21:29:49,837 INFO Iter [475/2000]  Loss: 4.8941  Time/Image: 0.0218
2023-05-15 21:29:50,982 INFO Iter [500/2000]  Loss: 5.0407  Time/Image: 0.0218
2023-05-15 21:29:52,613 INFO Overall Acc: 	: 0.30730133056640624
2023-05-15 21:29:52,613 INFO Mean Acc : 	: 0.08001952892418362
2023-05-15 21:29:52,613 INFO FreqW Acc : 	: 0.24005063512055613
2023-05-15 21:29:52,613 INFO Mean IoU : 	: 0.03249535008235318
2023-05-15 21:29:52,613 INFO 0: 0.36182384997698874
2023-05-15 21:29:52,614 INFO 1: 0.0007775618909714167
2023-05-15 21:29:52,614 INFO 2: 0.00035379571619836625
2023-05-15 21:29:52,614 INFO 3: 0.0005546149476040747
2023-05-15 21:29:52,614 INFO 4: 0.00042593436800457234
2023-05-15 21:29:52,614 INFO 5: 0.002732679244308465
2023-05-15 21:29:52,614 INFO 6: 0.0023206312116895796
2023-05-15 21:29:52,614 INFO 7: 0.05743803058254647
2023-05-15 21:29:52,614 INFO 8: 0.021433409105063212
2023-05-15 21:29:52,614 INFO 9: 0.0
2023-05-15 21:29:52,614 INFO 10: 0.0013651804895600732
2023-05-15 21:29:52,614 INFO 11: 0.0
2023-05-15 21:29:52,614 INFO 12: 0.005354929960418094
2023-05-15 21:29:52,614 INFO 13: 0.00035428365959156913
2023-05-15 21:29:54,305 INFO Iter [525/2000]  Loss: 5.2414  Time/Image: 0.0215
2023-05-15 21:29:55,454 INFO Iter [550/2000]  Loss: 5.2496  Time/Image: 0.0219
2023-05-15 21:29:56,602 INFO Iter [575/2000]  Loss: 5.2838  Time/Image: 0.0219
2023-05-15 21:29:57,749 INFO Iter [600/2000]  Loss: 5.1586  Time/Image: 0.0219
2023-05-15 21:29:58,898 INFO Iter [625/2000]  Loss: 5.1260  Time/Image: 0.0219
2023-05-15 21:30:00,047 INFO Iter [650/2000]  Loss: 5.2506  Time/Image: 0.0219
2023-05-15 21:30:01,196 INFO Iter [675/2000]  Loss: 4.9632  Time/Image: 0.0219
2023-05-15 21:30:02,344 INFO Iter [700/2000]  Loss: 5.1594  Time/Image: 0.0219
2023-05-15 21:30:03,493 INFO Iter [725/2000]  Loss: 5.2855  Time/Image: 0.0219
2023-05-15 21:30:04,642 INFO Iter [750/2000]  Loss: 5.4904  Time/Image: 0.0219
2023-05-15 21:30:05,792 INFO Iter [775/2000]  Loss: 5.1433  Time/Image: 0.0219
2023-05-15 21:30:06,942 INFO Iter [800/2000]  Loss: 4.9146  Time/Image: 0.0219
2023-05-15 21:30:08,091 INFO Iter [825/2000]  Loss: 5.0682  Time/Image: 0.0219
2023-05-15 21:30:09,241 INFO Iter [850/2000]  Loss: 5.1996  Time/Image: 0.0219
2023-05-15 21:30:10,391 INFO Iter [875/2000]  Loss: 5.1393  Time/Image: 0.0219
2023-05-15 21:30:11,541 INFO Iter [900/2000]  Loss: 5.0712  Time/Image: 0.0219
2023-05-15 21:30:12,691 INFO Iter [925/2000]  Loss: 5.1806  Time/Image: 0.0219
2023-05-15 21:30:13,840 INFO Iter [950/2000]  Loss: 5.0525  Time/Image: 0.0219
2023-05-15 21:30:14,992 INFO Iter [975/2000]  Loss: 5.0831  Time/Image: 0.0220
2023-05-15 21:30:16,147 INFO Iter [1000/2000]  Loss: 5.1917  Time/Image: 0.0220
2023-05-15 21:30:17,731 INFO Overall Acc: 	: 0.2704134750366211
2023-05-15 21:30:17,731 INFO Mean Acc : 	: 0.07836872345377444
2023-05-15 21:30:17,731 INFO FreqW Acc : 	: 0.21353219776406415
2023-05-15 21:30:17,731 INFO Mean IoU : 	: 0.02941735558407569
2023-05-15 21:30:17,731 INFO 0: 0.3214411231551274
2023-05-15 21:30:17,731 INFO 1: 0.0010076197938173439
2023-05-15 21:30:17,731 INFO 2: 0.0002977438526623933
2023-05-15 21:30:17,731 INFO 3: 0.0008980711626214271
2023-05-15 21:30:17,731 INFO 4: 0.0003844324586190778
2023-05-15 21:30:17,732 INFO 5: 0.004110917348561792
2023-05-15 21:30:17,732 INFO 6: 0.0019454728038489787
2023-05-15 21:30:17,732 INFO 7: 0.05301094334328049
2023-05-15 21:30:17,732 INFO 8: 0.021791482015696615
2023-05-15 21:30:17,732 INFO 9: 0.0
2023-05-15 21:30:17,732 INFO 10: 0.0015030471203407404
2023-05-15 21:30:17,732 INFO 11: 0.0
2023-05-15 21:30:17,732 INFO 12: 0.005157368112793296
2023-05-15 21:30:17,732 INFO 13: 0.0002947570096901367
2023-05-15 21:30:19,287 INFO Iter [1025/2000]  Loss: 5.2757  Time/Image: 0.0216
2023-05-15 21:30:20,441 INFO Iter [1050/2000]  Loss: 5.1533  Time/Image: 0.0220
2023-05-15 21:30:21,596 INFO Iter [1075/2000]  Loss: 5.5971  Time/Image: 0.0220
2023-05-15 21:30:22,750 INFO Iter [1100/2000]  Loss: 5.1610  Time/Image: 0.0220
2023-05-15 21:30:23,904 INFO Iter [1125/2000]  Loss: 5.4232  Time/Image: 0.0220
2023-05-15 21:30:25,059 INFO Iter [1150/2000]  Loss: 5.0772  Time/Image: 0.0220
2023-05-15 21:30:26,214 INFO Iter [1175/2000]  Loss: 5.1376  Time/Image: 0.0220
2023-05-15 21:30:27,369 INFO Iter [1200/2000]  Loss: 5.3246  Time/Image: 0.0220
2023-05-15 21:30:28,524 INFO Iter [1225/2000]  Loss: 5.3662  Time/Image: 0.0220
2023-05-15 21:30:29,679 INFO Iter [1250/2000]  Loss: 5.1934  Time/Image: 0.0220
2023-05-15 21:30:30,834 INFO Iter [1275/2000]  Loss: 5.1460  Time/Image: 0.0220
2023-05-15 21:30:31,989 INFO Iter [1300/2000]  Loss: 5.2620  Time/Image: 0.0220
2023-05-15 21:30:33,144 INFO Iter [1325/2000]  Loss: 5.1123  Time/Image: 0.0220
2023-05-15 21:30:34,299 INFO Iter [1350/2000]  Loss: 5.1362  Time/Image: 0.0220
2023-05-15 21:30:35,454 INFO Iter [1375/2000]  Loss: 5.0821  Time/Image: 0.0220
2023-05-15 21:30:36,610 INFO Iter [1400/2000]  Loss: 4.9641  Time/Image: 0.0220
2023-05-15 21:30:37,766 INFO Iter [1425/2000]  Loss: 4.9454  Time/Image: 0.0220
2023-05-15 21:30:38,921 INFO Iter [1450/2000]  Loss: 5.1369  Time/Image: 0.0220
2023-05-15 21:30:40,077 INFO Iter [1475/2000]  Loss: 5.2208  Time/Image: 0.0220
2023-05-15 21:30:41,233 INFO Iter [1500/2000]  Loss: 4.8744  Time/Image: 0.0221
2023-05-15 21:30:42,835 INFO Overall Acc: 	: 0.28087596893310546
2023-05-15 21:30:42,835 INFO Mean Acc : 	: 0.07244250355941774
2023-05-15 21:30:42,835 INFO FreqW Acc : 	: 0.22191977765841853
2023-05-15 21:30:42,835 INFO Mean IoU : 	: 0.029678684694147365
2023-05-15 21:30:42,835 INFO 0: 0.3347968464512582
2023-05-15 21:30:42,835 INFO 1: 0.0005060818609606677
2023-05-15 21:30:42,835 INFO 2: 4.677150679805862e-05
2023-05-15 21:30:42,835 INFO 3: 0.0006063167385118193
2023-05-15 21:30:42,835 INFO 4: 0.0010508555755384702
2023-05-15 21:30:42,835 INFO 5: 0.0036176936567511924
2023-05-15 21:30:42,835 INFO 6: 0.0008141625824980688
2023-05-15 21:30:42,835 INFO 7: 0.04912421853136501
2023-05-15 21:30:42,835 INFO 8: 0.017978859069321677
2023-05-15 21:30:42,835 INFO 9: 0.0
2023-05-15 21:30:42,835 INFO 10: 0.001259168948493994
2023-05-15 21:30:42,835 INFO 11: 0.0
2023-05-15 21:30:42,835 INFO 12: 0.005524698049288688
2023-05-15 21:30:42,835 INFO 13: 0.00017591274727735042
2023-05-15 21:30:44,306 INFO Iter [1525/2000]  Loss: 5.0581  Time/Image: 0.0221
2023-05-15 21:30:45,546 INFO Iter [1550/2000]  Loss: 5.1479  Time/Image: 0.0217
2023-05-15 21:30:46,703 INFO Iter [1575/2000]  Loss: 4.9830  Time/Image: 0.0221
2023-05-15 21:30:47,860 INFO Iter [1600/2000]  Loss: 5.4489  Time/Image: 0.0221
2023-05-15 21:30:49,017 INFO Iter [1625/2000]  Loss: 5.3558  Time/Image: 0.0221
2023-05-15 21:30:50,177 INFO Iter [1650/2000]  Loss: 5.3576  Time/Image: 0.0221
2023-05-15 21:30:51,338 INFO Iter [1675/2000]  Loss: 5.3338  Time/Image: 0.0221
2023-05-15 21:30:52,498 INFO Iter [1700/2000]  Loss: 5.4150  Time/Image: 0.0221
2023-05-15 21:30:53,660 INFO Iter [1725/2000]  Loss: 5.3194  Time/Image: 0.0222
2023-05-15 21:30:54,821 INFO Iter [1750/2000]  Loss: 4.9754  Time/Image: 0.0222
2023-05-15 21:30:55,983 INFO Iter [1775/2000]  Loss: 5.3888  Time/Image: 0.0222
2023-05-15 21:30:57,145 INFO Iter [1800/2000]  Loss: 5.1312  Time/Image: 0.0222
2023-05-15 21:30:58,306 INFO Iter [1825/2000]  Loss: 5.5686  Time/Image: 0.0222
2023-05-15 21:30:59,468 INFO Iter [1850/2000]  Loss: 5.2551  Time/Image: 0.0222
2023-05-15 21:31:00,632 INFO Iter [1875/2000]  Loss: 5.3681  Time/Image: 0.0222
2023-05-15 21:31:01,793 INFO Iter [1900/2000]  Loss: 5.5371  Time/Image: 0.0222
2023-05-15 21:31:02,955 INFO Iter [1925/2000]  Loss: 5.0784  Time/Image: 0.0222
2023-05-15 21:31:04,117 INFO Iter [1950/2000]  Loss: 5.1128  Time/Image: 0.0222
2023-05-15 21:31:05,278 INFO Iter [1975/2000]  Loss: 5.2479  Time/Image: 0.0221
2023-05-15 21:31:06,440 INFO Iter [2000/2000]  Loss: 5.1292  Time/Image: 0.0222
2023-05-15 21:31:08,041 INFO Overall Acc: 	: 0.29573402404785154
2023-05-15 21:31:08,041 INFO Mean Acc : 	: 0.07290812032333006
2023-05-15 21:31:08,041 INFO FreqW Acc : 	: 0.23190579305529682
2023-05-15 21:31:08,041 INFO Mean IoU : 	: 0.03085470401318554
2023-05-15 21:31:08,041 INFO 0: 0.34999845657425127
2023-05-15 21:31:08,041 INFO 1: 0.0007966745263320205
2023-05-15 21:31:08,041 INFO 2: 5.773041878908642e-05
2023-05-15 21:31:08,042 INFO 3: 0.0004841358063005366
2023-05-15 21:31:08,042 INFO 4: 0.0008935804123914344
2023-05-15 21:31:08,042 INFO 5: 0.0026807692616815123
2023-05-15 21:31:08,042 INFO 6: 0.0013327741274057506
2023-05-15 21:31:08,042 INFO 7: 0.05078598702284082
2023-05-15 21:31:08,042 INFO 8: 0.017789250283524734
2023-05-15 21:31:08,042 INFO 9: 0.0
2023-05-15 21:31:08,042 INFO 10: 0.0009875677222258114
2023-05-15 21:31:08,042 INFO 11: 0.0
2023-05-15 21:31:08,042 INFO 12: 0.005977328409395479
2023-05-15 21:31:08,042 INFO 13: 0.00018160161945914764
