2023-05-17 22:33:16,074 INFO Let the games begin RUNDIR: runs/RED_Res50/2023051700
2023-05-17 22:33:16,086 INFO use 1 gpus
2023-05-17 22:33:16,086 INFO configure: {'model': {'arch': 'rednet', 'backbone': 'resnet50'}, 'data': {'dataset': 'lpcvc', 'train_split': 'train', 'val_split': 'val', 'img_rows': 512, 'img_cols': 512, 'path': '/home/sangho/for_LPCV/2023LPCVC_SampleSolution/dataset/LPCVC/'}, 'training': {'n_workers': 2, 'train_iters': 120000, 'batch_size': 4, 'val_interval': 500, 'print_interval': 25, 'loss': {'name': 'OhemCELoss2D', 'thresh': 0.7, 'ignore_index': 250}, 'optimizer': {'name': 'adaoptimizer', 'momentum': 0.9, 'lr_multi': 1, 'bn_wd_disable': False, 'wd': 0.0005, 'lr0': 0.01, 'max_iter': 120000, 'power': 0.9, 'warmup_steps': 1000, 'warmup_start_lr': 1e-05}, 'train_augmentations': {'rotate': 5, 'brightness': 0.5, 'contrast': 0.5, 'saturation': 0.5, 'scale': [512, 512], 'rscale': [0.5, 2], 'hflip': 0.5, 'rcrop': [384, 384], 'norm': 255.0, 'cnorm': [[0.485, 0.456, 0.406], [0.229, 0.224, 0.225]]}, 'resume': None, 'visdom': False}, 'validating': {'densecrf': False, 'resume': None, 'n_workers': 1, 'batch_size': 1, 'outpath': None, 'val_augmentations': {'scale': [512, 512], 'norm': 255.0, 'cnorm': [[0.485, 0.456, 0.406], [0.229, 0.224, 0.225]]}}, 'local_rank': 0}
2023-05-17 22:33:16,088 INFO Using training seting {'n_workers': 2, 'train_iters': 120000, 'batch_size': 4, 'val_interval': 500, 'print_interval': 25, 'loss': {'name': 'OhemCELoss2D', 'thresh': 0.7, 'ignore_index': 250}, 'optimizer': {'name': 'adaoptimizer', 'momentum': 0.9, 'lr_multi': 1, 'bn_wd_disable': False, 'wd': 0.0005, 'lr0': 0.01, 'max_iter': 120000, 'power': 0.9, 'warmup_steps': 1000, 'warmup_start_lr': 1e-05}, 'train_augmentations': {'rotate': 5, 'brightness': 0.5, 'contrast': 0.5, 'saturation': 0.5, 'scale': [512, 512], 'rscale': [0.5, 2], 'hflip': 0.5, 'rcrop': [384, 384], 'norm': 255.0, 'cnorm': [[0.485, 0.456, 0.406], [0.229, 0.224, 0.225]]}, 'resume': None, 'visdom': False}
2023-05-17 22:33:16,088 INFO Using OhemCELoss2D with {'thresh': 0.7, 'ignore_index': 250, 'n_min': 36864} params
2023-05-17 22:33:16,088 INFO Using loss OhemCELoss2D()
2023-05-17 22:33:16,951 INFO Model initialized on GPUs.
2023-05-17 22:33:21,793 INFO Iter [25/120000]  Loss: 8.5037  Time/Image: 0.0473
2023-05-17 22:33:25,769 INFO Iter [50/120000]  Loss: 8.5848  Time/Image: 0.0386
2023-05-17 22:33:29,747 INFO Iter [75/120000]  Loss: 8.5855  Time/Image: 0.0386
2023-05-17 22:33:33,726 INFO Iter [100/120000]  Loss: 8.4517  Time/Image: 0.0386
2023-05-17 22:33:37,705 INFO Iter [125/120000]  Loss: 8.6031  Time/Image: 0.0386
2023-05-17 22:33:41,684 INFO Iter [150/120000]  Loss: 8.5630  Time/Image: 0.0386
2023-05-17 22:33:45,664 INFO Iter [175/120000]  Loss: 8.5405  Time/Image: 0.0386
2023-05-17 22:33:49,645 INFO Iter [200/120000]  Loss: 8.6404  Time/Image: 0.0387
2023-05-17 22:33:53,654 INFO Iter [225/120000]  Loss: 8.5656  Time/Image: 0.0389
2023-05-17 22:33:57,664 INFO Iter [250/120000]  Loss: 8.5911  Time/Image: 0.0389
2023-05-17 22:34:01,734 INFO Iter [275/120000]  Loss: 8.4914  Time/Image: 0.0380
2023-05-17 22:34:05,744 INFO Iter [300/120000]  Loss: 8.5539  Time/Image: 0.0389
2023-05-17 22:34:09,753 INFO Iter [325/120000]  Loss: 8.5221  Time/Image: 0.0389
2023-05-17 22:34:13,764 INFO Iter [350/120000]  Loss: 8.4188  Time/Image: 0.0389
2023-05-17 22:34:17,775 INFO Iter [375/120000]  Loss: 8.7870  Time/Image: 0.0390
2023-05-17 22:34:21,787 INFO Iter [400/120000]  Loss: 8.5094  Time/Image: 0.0389
2023-05-17 22:34:25,799 INFO Iter [425/120000]  Loss: 8.5308  Time/Image: 0.0390
2023-05-17 22:34:29,812 INFO Iter [450/120000]  Loss: 8.4194  Time/Image: 0.0390
2023-05-17 22:34:33,825 INFO Iter [475/120000]  Loss: 8.6117  Time/Image: 0.0390
2023-05-17 22:34:37,839 INFO Iter [500/120000]  Loss: 8.6915  Time/Image: 0.0390
2023-05-17 22:34:39,519 INFO Overall Acc: 	: 0.01826648712158203
2023-05-17 22:34:39,519 INFO Mean Acc : 	: 0.07226198013379544
2023-05-17 22:34:39,519 INFO FreqW Acc : 	: 0.005845624760896677
2023-05-17 22:34:39,519 INFO Mean IoU : 	: 0.0073849238045572575
2023-05-17 22:34:39,520 INFO 0: 0.004170224193296448
2023-05-17 22:34:39,520 INFO 1: 0.008660364167388157
2023-05-17 22:34:39,520 INFO 2: 0.024105001192068938
2023-05-17 22:34:39,520 INFO 3: 0.018536543996539107
2023-05-17 22:34:39,520 INFO 4: 0.002111759850746079
2023-05-17 22:34:39,520 INFO 5: 0.0025536833329314044
2023-05-17 22:34:39,520 INFO 6: 0.000796346261536112
2023-05-17 22:34:39,520 INFO 7: 0.0
2023-05-17 22:34:39,520 INFO 8: 0.0
2023-05-17 22:34:39,520 INFO 9: 0.0
2023-05-17 22:34:39,520 INFO 10: 0.0002651672482493531
2023-05-17 22:34:39,520 INFO 11: 0.01662073681157018
2023-05-17 22:34:39,520 INFO 12: 0.014394235372083317
2023-05-17 22:34:39,520 INFO 13: 0.011174870837392503
2023-05-17 22:34:43,828 INFO Iter [525/120000]  Loss: 8.5176  Time/Image: 0.0381
2023-05-17 22:34:47,848 INFO Iter [550/120000]  Loss: 8.6564  Time/Image: 0.0390
2023-05-17 22:34:51,876 INFO Iter [575/120000]  Loss: 8.5268  Time/Image: 0.0391
2023-05-17 22:34:55,907 INFO Iter [600/120000]  Loss: 8.4472  Time/Image: 0.0391
2023-05-17 22:34:59,938 INFO Iter [625/120000]  Loss: 8.6204  Time/Image: 0.0391
2023-05-17 22:35:03,970 INFO Iter [650/120000]  Loss: 8.5421  Time/Image: 0.0392
2023-05-17 22:35:08,002 INFO Iter [675/120000]  Loss: 8.7931  Time/Image: 0.0391
2023-05-17 22:35:12,034 INFO Iter [700/120000]  Loss: 8.5684  Time/Image: 0.0392
2023-05-17 22:35:16,066 INFO Iter [725/120000]  Loss: 8.6322  Time/Image: 0.0391
2023-05-17 22:35:20,098 INFO Iter [750/120000]  Loss: 8.6054  Time/Image: 0.0391
2023-05-17 22:35:24,207 INFO Iter [775/120000]  Loss: 8.5427  Time/Image: 0.0383
2023-05-17 22:35:28,240 INFO Iter [800/120000]  Loss: 8.5865  Time/Image: 0.0392
2023-05-17 22:35:32,276 INFO Iter [825/120000]  Loss: 8.4674  Time/Image: 0.0392
2023-05-17 22:35:36,308 INFO Iter [850/120000]  Loss: 8.4695  Time/Image: 0.0392
2023-05-17 22:35:40,339 INFO Iter [875/120000]  Loss: 8.6630  Time/Image: 0.0391
2023-05-17 22:35:44,372 INFO Iter [900/120000]  Loss: 8.5593  Time/Image: 0.0392
2023-05-17 22:35:48,407 INFO Iter [925/120000]  Loss: 8.5396  Time/Image: 0.0392
2023-05-17 22:35:52,442 INFO Iter [950/120000]  Loss: 8.5125  Time/Image: 0.0392
2023-05-17 22:35:56,478 INFO Iter [975/120000]  Loss: 8.6386  Time/Image: 0.0392
2023-05-17 22:36:00,513 INFO Iter [1000/120000]  Loss: 8.6121  Time/Image: 0.0392
2023-05-17 22:36:02,119 INFO Overall Acc: 	: 0.0196209716796875
2023-05-17 22:36:02,120 INFO Mean Acc : 	: 0.07465389581310487
2023-05-17 22:36:02,120 INFO FreqW Acc : 	: 0.005842979947675544
2023-05-17 22:36:02,120 INFO Mean IoU : 	: 0.0077147545333052445
2023-05-17 22:36:02,120 INFO 0: 0.00395891083129951
2023-05-17 22:36:02,120 INFO 1: 0.01046202476167011
2023-05-17 22:36:02,120 INFO 2: 0.026044190363261093
2023-05-17 22:36:02,120 INFO 3: 0.019729641803639467
2023-05-17 22:36:02,120 INFO 4: 0.001903703935963879
2023-05-17 22:36:02,120 INFO 5: 0.002579805010149042
2023-05-17 22:36:02,120 INFO 6: 0.0005743391321433429
2023-05-17 22:36:02,120 INFO 7: 0.0
2023-05-17 22:36:02,120 INFO 8: 0.0
2023-05-17 22:36:02,120 INFO 9: 0.0
2023-05-17 22:36:02,120 INFO 10: 0.0002616986558991095
2023-05-17 22:36:02,120 INFO 11: 0.016339254777016234
2023-05-17 22:36:02,120 INFO 12: 0.014472663115933858
2023-05-17 22:36:02,120 INFO 13: 0.011680331079297782
2023-05-17 22:36:06,520 INFO Iter [1025/120000]  Loss: 8.7658  Time/Image: 0.0383
2023-05-17 22:36:10,556 INFO Iter [1050/120000]  Loss: 8.4342  Time/Image: 0.0392
2023-05-17 22:36:14,590 INFO Iter [1075/120000]  Loss: 8.4199  Time/Image: 0.0392
2023-05-17 22:36:18,625 INFO Iter [1100/120000]  Loss: 8.5804  Time/Image: 0.0392
2023-05-17 22:36:22,659 INFO Iter [1125/120000]  Loss: 8.7267  Time/Image: 0.0392
2023-05-17 22:36:26,695 INFO Iter [1150/120000]  Loss: 8.4416  Time/Image: 0.0392
2023-05-17 22:36:30,733 INFO Iter [1175/120000]  Loss: 8.6278  Time/Image: 0.0392
2023-05-17 22:36:34,770 INFO Iter [1200/120000]  Loss: 8.4227  Time/Image: 0.0392
2023-05-17 22:36:38,805 INFO Iter [1225/120000]  Loss: 8.7186  Time/Image: 0.0392
2023-05-17 22:36:42,840 INFO Iter [1250/120000]  Loss: 8.6233  Time/Image: 0.0392
2023-05-17 22:36:46,876 INFO Iter [1275/120000]  Loss: 8.5328  Time/Image: 0.0392
2023-05-17 22:36:50,984 INFO Iter [1300/120000]  Loss: 8.5079  Time/Image: 0.0383
2023-05-17 22:36:55,022 INFO Iter [1325/120000]  Loss: 8.6267  Time/Image: 0.0392
2023-05-17 22:36:59,057 INFO Iter [1350/120000]  Loss: 8.6236  Time/Image: 0.0392
2023-05-17 22:37:03,095 INFO Iter [1375/120000]  Loss: 8.4434  Time/Image: 0.0392
2023-05-17 22:37:07,134 INFO Iter [1400/120000]  Loss: 8.4976  Time/Image: 0.0392
2023-05-17 22:37:11,169 INFO Iter [1425/120000]  Loss: 8.4589  Time/Image: 0.0392
2023-05-17 22:37:15,207 INFO Iter [1450/120000]  Loss: 8.5969  Time/Image: 0.0392
2023-05-17 22:37:19,245 INFO Iter [1475/120000]  Loss: 8.6747  Time/Image: 0.0392
2023-05-17 22:37:23,281 INFO Iter [1500/120000]  Loss: 8.4955  Time/Image: 0.0392
2023-05-17 22:37:24,908 INFO Overall Acc: 	: 0.0180401611328125
2023-05-17 22:37:24,908 INFO Mean Acc : 	: 0.07291437861917445
2023-05-17 22:37:24,908 INFO FreqW Acc : 	: 0.005772456021677986
2023-05-17 22:37:24,909 INFO Mean IoU : 	: 0.007234945185806124
2023-05-17 22:37:24,909 INFO 0: 0.004219544140857315
2023-05-17 22:37:24,909 INFO 1: 0.009601606237748535
2023-05-17 22:37:24,909 INFO 2: 0.02298258335059758
2023-05-17 22:37:24,909 INFO 3: 0.01859411118338607
2023-05-17 22:37:24,909 INFO 4: 0.0016170941077618577
2023-05-17 22:37:24,909 INFO 5: 0.002245062341580016
2023-05-17 22:37:24,909 INFO 6: 0.0007175158497411423
2023-05-17 22:37:24,909 INFO 7: 1.1759563955368535e-05
2023-05-17 22:37:24,909 INFO 8: 0.0
2023-05-17 22:37:24,909 INFO 9: 0.0
2023-05-17 22:37:24,909 INFO 10: 0.0002523718986959702
2023-05-17 22:37:24,909 INFO 11: 0.015611887886182011
2023-05-17 22:37:24,909 INFO 12: 0.014076772090498648
2023-05-17 22:37:24,909 INFO 13: 0.011358923950281222
2023-05-17 22:37:29,116 INFO Iter [1525/120000]  Loss: 8.4859  Time/Image: 0.0393
2023-05-17 22:37:33,243 INFO Iter [1550/120000]  Loss: 8.5988  Time/Image: 0.0384
2023-05-17 22:37:37,297 INFO Iter [1575/120000]  Loss: 8.4880  Time/Image: 0.0394
2023-05-17 22:37:41,351 INFO Iter [1600/120000]  Loss: 8.4201  Time/Image: 0.0394
2023-05-17 22:37:45,404 INFO Iter [1625/120000]  Loss: 8.4545  Time/Image: 0.0394
2023-05-17 22:37:49,458 INFO Iter [1650/120000]  Loss: 8.8970  Time/Image: 0.0394
2023-05-17 22:37:53,512 INFO Iter [1675/120000]  Loss: 8.6038  Time/Image: 0.0394
2023-05-17 22:37:57,566 INFO Iter [1700/120000]  Loss: 8.6890  Time/Image: 0.0394
2023-05-17 22:38:01,620 INFO Iter [1725/120000]  Loss: 8.4798  Time/Image: 0.0394
2023-05-17 22:38:05,674 INFO Iter [1750/120000]  Loss: 8.4667  Time/Image: 0.0393
2023-05-17 22:38:09,726 INFO Iter [1775/120000]  Loss: 8.8455  Time/Image: 0.0393
2023-05-17 22:38:13,851 INFO Iter [1800/120000]  Loss: 8.6228  Time/Image: 0.0384
2023-05-17 22:38:17,901 INFO Iter [1825/120000]  Loss: 8.7562  Time/Image: 0.0393
2023-05-17 22:38:21,951 INFO Iter [1850/120000]  Loss: 8.5885  Time/Image: 0.0393
2023-05-17 22:38:26,001 INFO Iter [1875/120000]  Loss: 8.5050  Time/Image: 0.0393
2023-05-17 22:38:30,054 INFO Iter [1900/120000]  Loss: 8.5668  Time/Image: 0.0393
