2023-05-08 14:26:56,277 INFO Let the games begin RUNDIR: runs/FA_Res18/2023050800
2023-05-08 14:26:56,281 INFO use 1 gpus
2023-05-08 14:26:56,281 INFO configure: {'model': {'arch': 'fanet', 'backbone': 'resnet18'}, 'data': {'dataset': 'lpcvc', 'train_split': 'train', 'val_split': 'val', 'img_rows': 512, 'img_cols': 512, 'path': '/home/sangho/for_LPCV/2023LPCVC_SampleSolution/dataset/LPCVC/'}, 'training': {'n_workers': 2, 'train_iters': 2000, 'batch_size': 16, 'val_interval': 500, 'print_interval': 25, 'loss': {'name': 'OhemCELoss2D', 'thresh': 0.7, 'ignore_index': 250}, 'optimizer': {'name': 'adaoptimizer', 'momentum': 0.9, 'lr_multi': 1, 'bn_wd_disable': False, 'wd': 0.0005, 'lr0': 0.01, 'max_iter': 2000, 'power': 0.9, 'warmup_steps': 1000, 'warmup_start_lr': 1e-05}, 'train_augmentations': {'rotate': 5, 'brightness': 0.5, 'contrast': 0.5, 'saturation': 0.5, 'scale': [512, 512], 'rscale': [0.5, 2], 'hflip': 0.5, 'rcrop': [384, 384], 'norm': 255.0, 'cnorm': [[0.485, 0.456, 0.406], [0.229, 0.224, 0.225]]}, 'resume': None, 'visdom': False}, 'validating': {'densecrf': False, 'resume': None, 'n_workers': 1, 'batch_size': 1, 'outpath': None, 'val_augmentations': {'scale': [512, 512], 'norm': 255.0, 'cnorm': [[0.485, 0.456, 0.406], [0.229, 0.224, 0.225]]}}, 'local_rank': 0}
2023-05-08 14:26:56,283 INFO Using training seting {'n_workers': 2, 'train_iters': 2000, 'batch_size': 16, 'val_interval': 500, 'print_interval': 25, 'loss': {'name': 'OhemCELoss2D', 'thresh': 0.7, 'ignore_index': 250}, 'optimizer': {'name': 'adaoptimizer', 'momentum': 0.9, 'lr_multi': 1, 'bn_wd_disable': False, 'wd': 0.0005, 'lr0': 0.01, 'max_iter': 2000, 'power': 0.9, 'warmup_steps': 1000, 'warmup_start_lr': 1e-05}, 'train_augmentations': {'rotate': 5, 'brightness': 0.5, 'contrast': 0.5, 'saturation': 0.5, 'scale': [512, 512], 'rscale': [0.5, 2], 'hflip': 0.5, 'rcrop': [384, 384], 'norm': 255.0, 'cnorm': [[0.485, 0.456, 0.406], [0.229, 0.224, 0.225]]}, 'resume': None, 'visdom': False}
2023-05-08 14:26:56,283 INFO Using OhemCELoss2D with {'thresh': 0.7, 'ignore_index': 250, 'n_min': 147456} params
2023-05-08 14:26:56,283 INFO Using loss OhemCELoss2D()
2023-05-08 14:26:57,001 INFO Model initialized on GPUs.
2023-05-08 14:27:04,210 INFO Iter [25/2000]  Loss: 5.5856  Time/Image: 0.0067
2023-05-08 14:27:10,218 INFO Iter [50/2000]  Loss: 5.4406  Time/Image: 0.0037
2023-05-08 14:27:16,674 INFO Iter [75/2000]  Loss: 5.4526  Time/Image: 0.0037
2023-05-08 14:27:22,687 INFO Iter [100/2000]  Loss: 5.5372  Time/Image: 0.0037
2023-05-08 14:27:28,701 INFO Iter [125/2000]  Loss: 5.4154  Time/Image: 0.0037
2023-05-08 14:27:35,164 INFO Iter [150/2000]  Loss: 5.3752  Time/Image: 0.0037
2023-05-08 14:27:41,204 INFO Iter [175/2000]  Loss: 5.2597  Time/Image: 0.0038
2023-05-08 14:27:47,702 INFO Iter [200/2000]  Loss: 5.1224  Time/Image: 0.0037
2023-05-08 14:27:53,746 INFO Iter [225/2000]  Loss: 4.8211  Time/Image: 0.0038
2023-05-08 14:27:59,782 INFO Iter [250/2000]  Loss: 4.7221  Time/Image: 0.0038
2023-05-08 14:28:06,283 INFO Iter [275/2000]  Loss: 4.8065  Time/Image: 0.0037
2023-05-08 14:28:12,334 INFO Iter [300/2000]  Loss: 4.7046  Time/Image: 0.0038
2023-05-08 14:28:18,859 INFO Iter [325/2000]  Loss: 4.5372  Time/Image: 0.0037
2023-05-08 14:28:24,938 INFO Iter [350/2000]  Loss: 4.3668  Time/Image: 0.0038
2023-05-08 14:28:31,014 INFO Iter [375/2000]  Loss: 4.0629  Time/Image: 0.0038
2023-05-08 14:28:37,542 INFO Iter [400/2000]  Loss: 4.3618  Time/Image: 0.0037
2023-05-08 14:28:43,616 INFO Iter [425/2000]  Loss: 4.2237  Time/Image: 0.0038
2023-05-08 14:28:50,142 INFO Iter [450/2000]  Loss: 4.2489  Time/Image: 0.0037
2023-05-08 14:28:56,216 INFO Iter [475/2000]  Loss: 4.2117  Time/Image: 0.0038
2023-05-08 14:29:02,300 INFO Iter [500/2000]  Loss: 4.0137  Time/Image: 0.0038
2023-05-08 14:29:03,951 INFO Overall Acc: 	: 0.5921219635009766
2023-05-08 14:29:03,951 INFO Mean Acc : 	: 0.11208940111213095
2023-05-08 14:29:03,951 INFO FreqW Acc : 	: 0.41303550167707326
2023-05-08 14:29:03,951 INFO Mean IoU : 	: 0.06437042391142471
2023-05-08 14:29:03,951 INFO 0: 0.6185715233546468
2023-05-08 14:29:03,951 INFO 1: 0.0052630287230474295
2023-05-08 14:29:03,951 INFO 2: 0.027170446278028143
2023-05-08 14:29:03,951 INFO 3: 0.09153034310809244
2023-05-08 14:29:03,951 INFO 4: 0.006695555626790382
2023-05-08 14:29:03,951 INFO 5: 0.0015079556860849847
2023-05-08 14:29:03,951 INFO 6: 0.06494469112446086
2023-05-08 14:29:03,951 INFO 7: 0.07433586850737123
2023-05-08 14:29:03,951 INFO 8: 0.002618486918353759
2023-05-08 14:29:03,951 INFO 9: 0.0
2023-05-08 14:29:03,951 INFO 10: 0.0
2023-05-08 14:29:03,951 INFO 11: 0.002724742401716552
2023-05-08 14:29:03,951 INFO 12: 0.005716964348127629
2023-05-08 14:29:03,951 INFO 13: 0.00010632868322558693
2023-05-08 14:29:10,703 INFO Iter [525/2000]  Loss: 4.0538  Time/Image: 0.0038
2023-05-08 14:29:16,808 INFO Iter [550/2000]  Loss: 3.2430  Time/Image: 0.0038
2023-05-08 14:29:23,381 INFO Iter [575/2000]  Loss: 3.5164  Time/Image: 0.0037
2023-05-08 14:29:29,486 INFO Iter [600/2000]  Loss: 3.4137  Time/Image: 0.0038
2023-05-08 14:29:35,588 INFO Iter [625/2000]  Loss: 3.7938  Time/Image: 0.0037
2023-05-08 14:29:42,140 INFO Iter [650/2000]  Loss: 3.7520  Time/Image: 0.0037
2023-05-08 14:29:48,234 INFO Iter [675/2000]  Loss: 3.4970  Time/Image: 0.0037
2023-05-08 14:29:54,792 INFO Iter [700/2000]  Loss: 3.1306  Time/Image: 0.0037
2023-05-08 14:30:00,888 INFO Iter [725/2000]  Loss: 2.8544  Time/Image: 0.0037
2023-05-08 14:30:06,977 INFO Iter [750/2000]  Loss: 3.5556  Time/Image: 0.0037
2023-05-08 14:30:13,520 INFO Iter [775/2000]  Loss: 3.6650  Time/Image: 0.0037
2023-05-08 14:30:19,611 INFO Iter [800/2000]  Loss: 3.6164  Time/Image: 0.0037
2023-05-08 14:30:26,161 INFO Iter [825/2000]  Loss: 3.8099  Time/Image: 0.0037
2023-05-08 14:30:32,253 INFO Iter [850/2000]  Loss: 3.1409  Time/Image: 0.0037
2023-05-08 14:30:38,342 INFO Iter [875/2000]  Loss: 2.7644  Time/Image: 0.0037
2023-05-08 14:30:44,891 INFO Iter [900/2000]  Loss: 2.8717  Time/Image: 0.0037
2023-05-08 14:30:51,009 INFO Iter [925/2000]  Loss: 3.1209  Time/Image: 0.0037
2023-05-08 14:30:57,605 INFO Iter [950/2000]  Loss: 3.0790  Time/Image: 0.0037
2023-05-08 14:31:03,728 INFO Iter [975/2000]  Loss: 2.6867  Time/Image: 0.0037
2023-05-08 14:31:09,855 INFO Iter [1000/2000]  Loss: 3.4253  Time/Image: 0.0037
2023-05-08 14:31:11,478 INFO Overall Acc: 	: 0.684074592590332
2023-05-08 14:31:11,478 INFO Mean Acc : 	: 0.23435701990424243
2023-05-08 14:31:11,478 INFO FreqW Acc : 	: 0.515000085195126
2023-05-08 14:31:11,479 INFO Mean IoU : 	: 0.16677711926836258
2023-05-08 14:31:11,479 INFO 0: 0.7061349948931318
2023-05-08 14:31:11,479 INFO 1: 0.0039046114953789333
2023-05-08 14:31:11,479 INFO 2: 0.15953086924238422
2023-05-08 14:31:11,479 INFO 3: 0.15584702533803768
2023-05-08 14:31:11,479 INFO 4: 0.0534702261279206
2023-05-08 14:31:11,479 INFO 5: 0.0265287033916032
2023-05-08 14:31:11,479 INFO 6: 0.34627237315714215
2023-05-08 14:31:11,479 INFO 7: 0.42694752394106134
2023-05-08 14:31:11,479 INFO 8: 0.14548313022510914
2023-05-08 14:31:11,479 INFO 9: nan
2023-05-08 14:31:11,479 INFO 10: 0.0
2023-05-08 14:31:11,479 INFO 11: 0.0
2023-05-08 14:31:11,479 INFO 12: 0.143977666417103
2023-05-08 14:31:11,479 INFO 13: 5.426259841878789e-06
2023-05-08 14:31:18,280 INFO Iter [1025/2000]  Loss: 3.4654  Time/Image: 0.0037
2023-05-08 14:31:24,403 INFO Iter [1050/2000]  Loss: 3.6129  Time/Image: 0.0037
2023-05-08 14:31:30,982 INFO Iter [1075/2000]  Loss: 3.0934  Time/Image: 0.0036
2023-05-08 14:31:37,104 INFO Iter [1100/2000]  Loss: 2.8140  Time/Image: 0.0037
2023-05-08 14:31:43,214 INFO Iter [1125/2000]  Loss: 2.9617  Time/Image: 0.0037
2023-05-08 14:31:49,789 INFO Iter [1150/2000]  Loss: 3.2754  Time/Image: 0.0037
2023-05-08 14:31:55,910 INFO Iter [1175/2000]  Loss: 3.2152  Time/Image: 0.0037
2023-05-08 14:32:02,489 INFO Iter [1200/2000]  Loss: 2.7475  Time/Image: 0.0036
2023-05-08 14:32:08,610 INFO Iter [1225/2000]  Loss: 2.5493  Time/Image: 0.0037
2023-05-08 14:32:14,723 INFO Iter [1250/2000]  Loss: 2.7417  Time/Image: 0.0037
2023-05-08 14:32:21,280 INFO Iter [1275/2000]  Loss: 3.3409  Time/Image: 0.0036
2023-05-08 14:32:27,399 INFO Iter [1300/2000]  Loss: 2.6033  Time/Image: 0.0037
2023-05-08 14:32:33,947 INFO Iter [1325/2000]  Loss: 2.3130  Time/Image: 0.0036
2023-05-08 14:32:40,061 INFO Iter [1350/2000]  Loss: 2.3554  Time/Image: 0.0037
2023-05-08 14:32:46,171 INFO Iter [1375/2000]  Loss: 2.4659  Time/Image: 0.0037
2023-05-08 14:32:52,738 INFO Iter [1400/2000]  Loss: 2.3443  Time/Image: 0.0036
2023-05-08 14:32:58,849 INFO Iter [1425/2000]  Loss: 2.7330  Time/Image: 0.0037
2023-05-08 14:33:04,946 INFO Iter [1450/2000]  Loss: 2.3105  Time/Image: 0.0037
2023-05-08 14:33:11,531 INFO Iter [1475/2000]  Loss: 2.3474  Time/Image: 0.0037
2023-05-08 14:33:17,637 INFO Iter [1500/2000]  Loss: 2.5186  Time/Image: 0.0037
2023-05-08 14:33:19,244 INFO Overall Acc: 	: 0.7556481552124024
2023-05-08 14:33:19,244 INFO Mean Acc : 	: 0.4392342014453123
2023-05-08 14:33:19,244 INFO FreqW Acc : 	: 0.6087255502220792
2023-05-08 14:33:19,244 INFO Mean IoU : 	: 0.31161327725625737
2023-05-08 14:33:19,244 INFO 0: 0.7509345482248463
2023-05-08 14:33:19,244 INFO 1: 0.25000362312089425
2023-05-08 14:33:19,244 INFO 2: 0.2865582807030726
2023-05-08 14:33:19,244 INFO 3: 0.3629104261445927
2023-05-08 14:33:19,244 INFO 4: 0.2387871638544635
2023-05-08 14:33:19,244 INFO 5: 0.11137909211708136
2023-05-08 14:33:19,244 INFO 6: 0.5041860989670751
2023-05-08 14:33:19,244 INFO 7: 0.5496305796284031
2023-05-08 14:33:19,244 INFO 8: 0.5184136324629153
2023-05-08 14:33:19,244 INFO 9: 0.0
2023-05-08 14:33:19,244 INFO 10: 0.0
2023-05-08 14:33:19,244 INFO 11: 0.3920296029626923
2023-05-08 14:33:19,244 INFO 12: 0.3413991435057152
2023-05-08 14:33:19,244 INFO 13: 0.05635368989585091
2023-05-08 14:33:25,967 INFO Iter [1525/2000]  Loss: 2.9398  Time/Image: 0.0036
2023-05-08 14:33:32,079 INFO Iter [1550/2000]  Loss: 2.5832  Time/Image: 0.0037
2023-05-08 14:33:38,171 INFO Iter [1575/2000]  Loss: 2.2835  Time/Image: 0.0037
2023-05-08 14:33:44,730 INFO Iter [1600/2000]  Loss: 2.5568  Time/Image: 0.0036
2023-05-08 14:33:50,830 INFO Iter [1625/2000]  Loss: 2.4926  Time/Image: 0.0037
2023-05-08 14:33:57,371 INFO Iter [1650/2000]  Loss: 1.9507  Time/Image: 0.0036
2023-05-08 14:34:03,474 INFO Iter [1675/2000]  Loss: 2.4137  Time/Image: 0.0037
2023-05-08 14:34:09,567 INFO Iter [1700/2000]  Loss: 2.4871  Time/Image: 0.0037
2023-05-08 14:34:16,106 INFO Iter [1725/2000]  Loss: 2.7193  Time/Image: 0.0036
2023-05-08 14:34:22,202 INFO Iter [1750/2000]  Loss: 2.3956  Time/Image: 0.0037
2023-05-08 14:34:28,750 INFO Iter [1775/2000]  Loss: 2.6344  Time/Image: 0.0036
2023-05-08 14:34:34,847 INFO Iter [1800/2000]  Loss: 2.1956  Time/Image: 0.0037
2023-05-08 14:34:40,934 INFO Iter [1825/2000]  Loss: 2.6214  Time/Image: 0.0036
2023-05-08 14:34:47,477 INFO Iter [1850/2000]  Loss: 2.3817  Time/Image: 0.0036
2023-05-08 14:34:53,567 INFO Iter [1875/2000]  Loss: 1.9395  Time/Image: 0.0037
2023-05-08 14:35:00,100 INFO Iter [1900/2000]  Loss: 2.5517  Time/Image: 0.0036
2023-05-08 14:35:06,192 INFO Iter [1925/2000]  Loss: 2.0400  Time/Image: 0.0037
2023-05-08 14:35:12,277 INFO Iter [1950/2000]  Loss: 2.4577  Time/Image: 0.0036
2023-05-08 14:35:18,839 INFO Iter [1975/2000]  Loss: 2.3538  Time/Image: 0.0036
2023-05-08 14:35:24,929 INFO Iter [2000/2000]  Loss: 2.4141  Time/Image: 0.0036
2023-05-08 14:35:26,560 INFO Overall Acc: 	: 0.7941092681884766
2023-05-08 14:35:26,560 INFO Mean Acc : 	: 0.5350062371819394
2023-05-08 14:35:26,560 INFO FreqW Acc : 	: 0.6673988349545774
2023-05-08 14:35:26,560 INFO Mean IoU : 	: 0.3956504596945529
2023-05-08 14:35:26,560 INFO 0: 0.7846381372350222
2023-05-08 14:35:26,560 INFO 1: 0.3575605520562994
2023-05-08 14:35:26,560 INFO 2: 0.4127627188492881
2023-05-08 14:35:26,560 INFO 3: 0.445838791195947
2023-05-08 14:35:26,560 INFO 4: 0.34792823466706785
2023-05-08 14:35:26,560 INFO 5: 0.2974821603498662
2023-05-08 14:35:26,560 INFO 6: 0.5711177639005988
2023-05-08 14:35:26,560 INFO 7: 0.6309470250968028
2023-05-08 14:35:26,560 INFO 8: 0.6864660987818764
2023-05-08 14:35:26,560 INFO 9: 0.0
2023-05-08 14:35:26,560 INFO 10: 0.0
2023-05-08 14:35:26,560 INFO 11: 0.4972170570884842
2023-05-08 14:35:26,560 INFO 12: 0.4051530050940868
2023-05-08 14:35:26,560 INFO 13: 0.1019948914084015
